38440500
1793463
38440500
5250 7322
218.093
M001 0 0 3234 1708
M019 0 4396 392 5222
M003 3234 0 4242 2184
M004 0 1708 3080 3318
M015 3682 3248 4522 3654
M037 1512 3696 2730 4256
M006 1302 6300 3164 7182
M022 3808 6188 4760 6552
M024 4956 0 5222 798
M011 1834 3318 2660 3696
M002 3682 2184 5236 2856
M036 3234 2184 3682 3178
M043 686 5348 1218 6258
M040 1596 4816 2464 5208
M017 2744 4452 3136 5208
M047 4438 5754 5250 6188
M010 686 6300 1302 6594
M025 1190 3696 1512 4480
M016 0 5222 322 6020
M009 4760 6188 5222 7168
M030 4242 854 4970 2156
M032 1050 3318 1834 3696
M007 3808 6552 4676 6902
M018 3682 2856 4760 3248
M013 3234 5068 3906 5334
M014 3234 4144 3640 5068
M031 0 3318 1050 3710
M026 4242 0 4592 728
M042 0 4228 378 4396
M029 4760 2856 5250 3850
M044 3136 5432 4438 6062
M046 392 4844 1596 5348
M023 2744 3318 3234 4452
M035 3808 6902 4662 7294
M045 4578 3850 5250 5012
M039 322 5348 686 6132
M020 392 4228 1190 4480
M049 4578 5012 4970 5754
M038 3234 3178 3682 4144
M041 4592 0 4956 854
M027 392 4480 1232 4844
M012 3640 4144 4046 4942
M033 1218 5348 3108 6300
M021 3682 3654 4508 4046
M048 0 6594 1302 7322
M034 1596 4256 2744 4816
M028 0 3710 1064 4228
M005 4046 4046 4578 5432
M008 3164 6062 3808 7308
