1219267
122807
1219267
1169 1043
49.0274
bk14b 0 0 294 119
bk8a 931 0 1141 210
bk9d 938 210 1022 329
bk17b 833 560 1036 742
bk5a 0 889 133 1029
bk21 133 903 448 1043
bk17a 140 469 511 651
bk13 448 903 945 1043
bk20 266 119 448 469
bk5b 1022 210 1155 385
bk2 1036 560 1169 854
bk10c 0 434 119 483
bk14a 812 385 1008 504
bk12 0 483 140 889
bk3 133 119 266 434
bk15b 448 133 567 469
bk9c 140 651 497 770
bk4 140 770 700 903
bk9b 833 742 952 861
bk5c 700 630 833 861
bk6 0 119 133 434
bk18 945 861 1148 1043
bk1 476 0 812 133
bk15a 812 0 931 266
bk8b 686 133 812 511
bk16 812 266 938 385
bk11 1008 385 1127 560
bk9a 294 0 476 119
bk10b 511 511 672 651
bk14c 672 511 833 630
bk10a 567 133 686 511
bk19 952 742 1036 861
bk7 497 651 679 749
