0
0
98364420
9870 9966
45.7827
b84 0 0 177 620
b209 3653 6630 3843 7208
b191 8037 7392 8494 7529
b28 251 2994 578 3137
b53 6926 2945 7119 3269
b90 8470 1380 8738 1850
b47 837 4050 993 4554
b185 8172 9032 8366 9681
b61 6012 2513 6711 2693
b145 7002 1849 7208 2308
b189 837 5370 1189 5637
b146 9124 3750 9489 3922
b128 3625 2737 4215 2950
b23 7326 7913 7841 8065
b48 0 3137 418 3361
b268 5167 4360 5521 4581
b187 7002 2568 7377 2945
b254 907 3497 1156 3938
b147 9236 782 9493 1269
b87 5246 4581 5683 4797
b274 3843 6630 4439 6893
b231 6984 229 7189 993
b315 1483 2706 1747 3302
b196 8666 5175 8887 5530
b208 8923 2473 9124 2865
b228 0 3361 199 3915
b193 0 3915 307 4069
b134 4126 802 4831 979
b140 1156 3916 1354 4628
b304 4238 2583 4458 3298
b217 8621 784 8831 1380
b9 8470 2473 8923 2646
b102 8470 2646 8870 2764
b273 7783 0 8293 277
b132 9317 4133 9470 4744
b99 4458 2444 4860 2561
b250 1522 858 1958 1002
b94 7980 8815 8303 9009
b291 0 1166 218 1814
b86 1316 2706 1483 2986
b289 962 1253 1197 1918
b56 7783 277 8042 763
b275 9124 1882 9418 2041
b129 4251 7213 4463 7806
b266 8153 5969 8334 6576
b311 3066 1718 3456 2122
b280 4928 3841 5170 4360
b163 251 2049 915 2261
b138 1944 1970 2149 2427
b42 8470 2217 9082 2473
b152 4642 3807 4928 3970
b202 8494 6983 9084 7222
b222 9124 2521 9551 2815
b40 3168 9060 3413 9508
b135 8293 0 8470 267
b49 3150 625 3295 1057
b306 0 620 143 1166
b242 1654 581 2222 858
b45 6255 535 6485 1014
b149 1490 1420 1959 1586
b85 6957 1432 7229 1605
b205 4884 1522 5165 1970
b125 3700 7208 4251 7436
b96 9105 289 9267 579
b262 2146 2870 2708 3065
b221 8380 6671 8761 6793
b213 6303 4092 6903 4354
b302 840 2261 1490 2479
b295 8037 7529 8662 7780
b4 3625 2583 4238 2737
b168 6627 1974 6755 2338
b210 5011 1970 5368 2102
b68 1958 858 2209 1294
b131 8470 4520 8686 5175
b161 3867 545 4080 1208
b30 3803 5374 4192 5535
b77 9124 3164 9284 3750
b105 9083 5934 9480 6211
b314 2121 3736 2366 4375
b116 536 6070 963 6254
b124 2005 2427 2253 2870
b285 7079 3269 7326 3843
b66 7783 8065 8283 8347
b141 445 0 962 151
b233 9124 2815 9349 3164
b36 6132 4627 6627 4848
b158 9096 579 9870 782
b215 9470 4133 9838 4347
b18 635 4050 837 4824
b106 1728 4536 2089 4971
b173 907 2706 1316 3014
b172 251 409 771 619
b143 5198 0 5500 260
b223 4126 0 4665 292
b290 5880 782 6255 950
b299 962 238 1273 439
b244 1489 0 1654 285
b255 8831 489 9096 903
b190 4665 511 5150 802
b297 307 3789 907 4050
b107 3803 4991 4214 5374
b79 8037 6793 8776 6983
b178 8470 0 8621 521
b160 4458 2561 4788 2846
b316 6390 1511 6624 2048
b83 3564 6425 4332 6630
b298 3168 4991 3746 5209
b169 5910 4058 6096 4734
b313 4126 1147 4637 1330
b293 663 2261 840 2791
b113 7326 8544 7954 8769
b218 1616 5511 2009 5911
b63 9075 3922 9819 4133
b114 5314 3368 5908 3632
b241 4251 8025 4877 8226
b166 9189 4363 9317 4849
b117 3217 0 3468 625
b165 907 3302 1549 3497
b175 4674 1305 5322 1522
b156 7783 763 8153 1145
b71 6957 1605 7214 1849
b317 7208 2354 7501 2568
b309 3168 7303 3348 7912
b100 1943 3736 2121 4088
b50 4126 1568 4298 2025
b246 5180 2622 5325 3161
b46 8303 7926 8528 8553
b162 8646 2865 9075 3085
b270 7326 9389 7853 9598
b126 0 6070 536 6274
b119 6390 2338 6926 2513
b17 4463 7213 4831 7426
b82 8792 289 9105 489
b283 2126 337 2448 581
b7 5331 2102 5880 2360
b188 8528 7926 9060 8162
b257 8366 9032 8659 9246
b286 6303 3752 6755 3926
b75 398 4050 635 4648
b76 2222 581 2692 715
b219 907 3014 1181 3301
b199 4674 1522 4884 2192
b307 1255 2479 1944 2706
b35 3168 6712 3381 7303
b252 1728 3697 1943 3989
b136 8469 6285 8713 6671
b301 580 3496 848 3789
b93 6984 993 7270 1432
b303 3168 7912 3653 8203
b108 8283 7780 8821 7926
b8 1606 5911 2073 6079
b69 3168 5549 3615 5725
b236 9418 1882 9832 2147
b81 7954 8347 8087 8815
b112 8776 6285 9083 6747
b19 398 5863 1077 6070
b22 8470 4363 8870 4520
b44 4126 1330 4390 1568
b220 5908 3027 6376 3160
b225 0 6274 450 6589
b253 5880 2693 6303 3027
b67 8738 1380 9236 1664
b194 8621 142 8792 784
b98 962 833 1283 1029
b184 8037 6983 8306 7392
b137 7326 8065 7586 8488
b111 7904 9389 8172 9564
b64 1654 0 2126 200
b122 6755 3752 7079 4092
b153 0 1814 251 2440
b151 4952 0 5198 511
b226 4390 1330 4674 1884
b308 5910 3421 6132 4058
b179 7706 8815 7980 9389
b239 8470 1850 8597 2217
b234 2005 2870 2125 3260
b204 7586 8065 7783 8544
b310 4214 4860 4642 5081
b5 9189 5113 9571 5525
b41 6025 352 6627 535
b3 6508 2693 6716 2995
b176 4251 7806 4683 8025
b89 5880 1696 6012 2170
b59 8293 5469 8512 5969
b52 2963 2122 3168 2506
b62 8646 4133 9194 4363
b54 3168 8203 3356 8452
b26 251 619 703 758
b229 1943 4375 2430 4536
b73 771 1918 1250 2049
b203 837 5637 1532 5863
b201 962 1029 1522 1253
b21 4332 5081 4826 5303
b159 8915 4363 9189 4765
b245 2209 1033 2527 1279
b294 962 439 1241 833
b39 5180 2102 5331 2622
b103 5246 4797 5754 4951
b195 6303 4354 6533 4627
b170 5150 511 5584 729
b144 2963 9508 3334 9804
b118 5322 729 5655 1153
b206 1156 3697 1728 3916
b181 4860 3161 5463 3368
b227 915 2049 1210 2261
b267 9124 2147 9459 2521
b33 1250 1253 1470 1611
b88 2430 3065 2818 3186
b164 5880 352 6025 782
b167 2126 0 2546 337
b157 1943 3427 2146 3736
b282 1522 1002 1898 1420
b240 3688 4681 4302 4860
b278 3381 6712 3564 7056
b265 4826 4906 4936 5332
b80 251 2261 520 2843
b109 6132 3421 6303 4065
b256 5921 4848 6347 5142
b11 199 3361 663 3496
b230 7326 8769 7706 8933
b139 6627 1849 7002 1974
b277 7783 6760 7955 7396
b171 7904 9681 8280 9847
b200 5322 1153 5768 1470
b78 8915 5525 9223 5934
b287 4642 3970 4899 4336
b6 9614 4797 9866 5231
b10 4860 2444 5180 2641
b182 7733 7396 8037 7913
b177 9614 4347 9752 4797
b180 1077 5863 1282 6324
b121 1156 5199 1616 5370
b264 4251 6893 4497 7213
b260 4390 2192 5011 2444
b72 199 3496 580 3702
b1 3168 2950 3688 3160
b247 2749 519 3066 667
b65 2209 858 2749 1033
b224 1549 3302 1787 3697
b24 4637 1147 5228 1305
b284 5880 1511 6390 1696
b133 4683 7426 4851 7987
b251 6804 229 6984 489
b74 5768 0 6214 352
b58 8469 5969 8915 6285
b130 962 0 1489 238
b150 1775 4971 2007 5511
b37 848 2479 1255 2594
b232 4238 3807 4634 4124
b91 8334 5969 8469 6317
b279 3168 8452 3294 8824
b57 1959 1765 2650 1970
b238 2204 1294 2537 1765
b212 8303 8553 8467 9032
b155 6627 0 6804 532
b110 4080 2025 4249 2583
b249 4126 979 4689 1147
b104 8951 0 9277 289
b237 536 6495 991 6840
b235 6804 489 6957 898
b127 6804 0 7422 229
b312 5314 3632 5795 3860
b272 963 6324 1606 6495
b25 7326 9598 7581 9966
b216 4936 4751 5198 5351
b38 2546 0 3217 210
b300 251 2843 562 2994
b183 7326 3219 7733 3411
b29 3168 8824 3700 9060
b27 8831 903 9151 1295
b248 9284 3164 9510 3582
b142 6255 1014 6570 1511
b276 8470 2764 8646 3209
b32 1787 2706 2005 3427
b243 3168 5209 3353 5549
b288 5683 3860 5910 4414
b101 9082 1664 9659 1882
b259 4238 4124 4406 4681
b34 3867 0 4126 545
b296 4788 3368 5142 3678
b115 4665 0 4952 437
b207 3688 4860 4167 4991
b123 2537 1033 2963 1402
b211 7208 1849 7456 2354
b16 6508 3435 6953 3752
b14 4936 4599 5246 4751
b192 4458 3678 4823 3807
b261 1959 1294 2204 1743
b292 4928 3678 5314 3841
b31 3168 5725 3317 6252
b305 3150 1057 3363 1718
b269 6376 2693 6508 3046
b2 5754 4734 5921 5296
b214 1156 4971 1775 5199
b258 6508 3269 7072 3435
b148 4497 5303 4713 5958
b92 7783 6576 8380 6760
b15 3168 6252 3803 6425
b51 2692 210 3150 519
b186 4642 4599 4898 4906
b20 8621 0 8951 142
b13 6533 4354 7128 4592
b197 5908 3160 6450 3421
b154 8293 5175 8666 5469
b174 5368 1470 5596 2088
b198 7581 9598 7904 9840
b43 177 0 445 409
b281 9317 4744 9614 5113
b70 5170 3860 5631 4167
b12 3468 0 3867 314
b120 0 4069 398 4227
b97 7326 2945 7783 3219
b95 3168 6425 3552 6712
b55 0 2440 180 2875
b263 4642 4360 5167 4599
b60 3168 2122 3625 2294
b271 6627 898 6830 1517
